
> eaten@0.0.1 start:dev
> nest start --watch

[2J[3J[H[[90m2:48:23 PM[0m] Starting compilation in watch mode...

[[90m2:48:25 PM[0m] Found 0 errors. Watching for file changes.

[32m[Nest] 99938  - [39m02/07/2026, 2:48:26 PM [32m    LOG[39m [38;5;3m[NestFactory] [39m[32mStarting Nest application...[39m
[32m[Nest] 99938  - [39m02/07/2026, 2:48:26 PM [32m    LOG[39m [38;5;3m[InstanceLoader] [39m[32mTypeOrmModule dependencies initialized[39m[38;5;3m +6ms[39m
[32m[Nest] 99938  - [39m02/07/2026, 2:48:26 PM [32m    LOG[39m [38;5;3m[InstanceLoader] [39m[32mPassportModule dependencies initialized[39m[38;5;3m +0ms[39m
[32m[Nest] 99938  - [39m02/07/2026, 2:48:26 PM [32m    LOG[39m [38;5;3m[InstanceLoader] [39m[32mConfigHostModule dependencies initialized[39m[38;5;3m +0ms[39m
[32m[Nest] 99938  - [39m02/07/2026, 2:48:26 PM [32m    LOG[39m [38;5;3m[InstanceLoader] [39m[32mAppModule dependencies initialized[39m[38;5;3m +1ms[39m
[32m[Nest] 99938  - [39m02/07/2026, 2:48:26 PM [32m    LOG[39m [38;5;3m[InstanceLoader] [39m[32mConfigModule dependencies initialized[39m[38;5;3m +0ms[39m
[32m[Nest] 99938  - [39m02/07/2026, 2:48:26 PM [32m    LOG[39m [38;5;3m[InstanceLoader] [39m[32mConfigModule dependencies initialized[39m[38;5;3m +0ms[39m
[32m[Nest] 99938  - [39m02/07/2026, 2:48:26 PM [32m    LOG[39m [38;5;3m[InstanceLoader] [39m[32mJwtModule dependencies initialized[39m[38;5;3m +22ms[39m
[31m[Nest] 99938  - [39m02/07/2026, 2:48:26 PM [31m  ERROR[39m [38;5;3m[TypeOrmModule] [39m[31mUnable to connect to the database. Retrying (1)...[39m
QueryFailedError: column "zoneId" of relation "booking" contains null values
    at PostgresQueryRunner.query (/Users/alaabedr/Development/projects/waterway/eaten/backend/node_modules/typeorm/driver/src/driver/postgres/PostgresQueryRunner.ts:325:19)
    at process.processTicksAndRejections (node:internal/process/task_queues:105:5)
    at async PostgresQueryRunner.executeQueries (/Users/alaabedr/Development/projects/waterway/eaten/backend/node_modules/typeorm/query-runner/src/query-runner/BaseQueryRunner.ts:681:13)
    at async PostgresQueryRunner.addColumn (/Users/alaabedr/Development/projects/waterway/eaten/backend/node_modules/typeorm/driver/src/driver/postgres/PostgresQueryRunner.ts:1160:9)
    at async PostgresQueryRunner.changeColumn (/Users/alaabedr/Development/projects/waterway/eaten/backend/node_modules/typeorm/driver/src/driver/postgres/PostgresQueryRunner.ts:1245:13)
    at async PostgresQueryRunner.changeColumns (/Users/alaabedr/Development/projects/waterway/eaten/backend/node_modules/typeorm/driver/src/driver/postgres/PostgresQueryRunner.ts:2319:13)
    at async RdbmsSchemaBuilder.updateExistColumns (/Users/alaabedr/Development/projects/waterway/eaten/backend/node_modules/typeorm/schema-builder/src/schema-builder/RdbmsSchemaBuilder.ts:969:13)
    at async RdbmsSchemaBuilder.executeSchemaSyncOperationsInProperOrder (/Users/alaabedr/Development/projects/waterway/eaten/backend/node_modules/typeorm/schema-builder/src/schema-builder/RdbmsSchemaBuilder.ts:229:9)
    at async RdbmsSchemaBuilder.build (/Users/alaabedr/Development/projects/waterway/eaten/backend/node_modules/typeorm/schema-builder/src/schema-builder/RdbmsSchemaBuilder.ts:95:13)
    at async DataSource.synchronize (/Users/alaabedr/Development/projects/waterway/eaten/backend/node_modules/typeorm/data-source/src/data-source/DataSource.ts:340:9)
[31m[Nest] 99938  - [39m02/07/2026, 2:48:29 PM [31m  ERROR[39m [38;5;3m[TypeOrmModule] [39m[31mUnable to connect to the database. Retrying (2)...[39m
QueryFailedError: column "zoneId" of relation "booking" contains null values
    at PostgresQueryRunner.query (/Users/alaabedr/Development/projects/waterway/eaten/backend/node_modules/typeorm/driver/src/driver/postgres/PostgresQueryRunner.ts:325:19)
    at process.processTicksAndRejections (node:internal/process/task_queues:105:5)
    at async PostgresQueryRunner.executeQueries (/Users/alaabedr/Development/projects/waterway/eaten/backend/node_modules/typeorm/query-runner/src/query-runner/BaseQueryRunner.ts:681:13)
    at async PostgresQueryRunner.addColumn (/Users/alaabedr/Development/projects/waterway/eaten/backend/node_modules/typeorm/driver/src/driver/postgres/PostgresQueryRunner.ts:1160:9)
    at async PostgresQueryRunner.changeColumn (/Users/alaabedr/Development/projects/waterway/eaten/backend/node_modules/typeorm/driver/src/driver/postgres/PostgresQueryRunner.ts:1245:13)
    at async PostgresQueryRunner.changeColumns (/Users/alaabedr/Development/projects/waterway/eaten/backend/node_modules/typeorm/driver/src/driver/postgres/PostgresQueryRunner.ts:2319:13)
    at async RdbmsSchemaBuilder.updateExistColumns (/Users/alaabedr/Development/projects/waterway/eaten/backend/node_modules/typeorm/schema-builder/src/schema-builder/RdbmsSchemaBuilder.ts:969:13)
    at async RdbmsSchemaBuilder.executeSchemaSyncOperationsInProperOrder (/Users/alaabedr/Development/projects/waterway/eaten/backend/node_modules/typeorm/schema-builder/src/schema-builder/RdbmsSchemaBuilder.ts:229:9)
    at async RdbmsSchemaBuilder.build (/Users/alaabedr/Development/projects/waterway/eaten/backend/node_modules/typeorm/schema-builder/src/schema-builder/RdbmsSchemaBuilder.ts:95:13)
    at async DataSource.synchronize (/Users/alaabedr/Development/projects/waterway/eaten/backend/node_modules/typeorm/data-source/src/data-source/DataSource.ts:340:9)
[31m[Nest] 99938  - [39m02/07/2026, 2:48:32 PM [31m  ERROR[39m [38;5;3m[TypeOrmModule] [39m[31mUnable to connect to the database. Retrying (3)...[39m
QueryFailedError: column "zoneId" of relation "booking" contains null values
    at PostgresQueryRunner.query (/Users/alaabedr/Development/projects/waterway/eaten/backend/node_modules/typeorm/driver/src/driver/postgres/PostgresQueryRunner.ts:325:19)
    at process.processTicksAndRejections (node:internal/process/task_queues:105:5)
    at async PostgresQueryRunner.executeQueries (/Users/alaabedr/Development/projects/waterway/eaten/backend/node_modules/typeorm/query-runner/src/query-runner/BaseQueryRunner.ts:681:13)
    at async PostgresQueryRunner.addColumn (/Users/alaabedr/Development/projects/waterway/eaten/backend/node_modules/typeorm/driver/src/driver/postgres/PostgresQueryRunner.ts:1160:9)
    at async PostgresQueryRunner.changeColumn (/Users/alaabedr/Development/projects/waterway/eaten/backend/node_modules/typeorm/driver/src/driver/postgres/PostgresQueryRunner.ts:1245:13)
    at async PostgresQueryRunner.changeColumns (/Users/alaabedr/Development/projects/waterway/eaten/backend/node_modules/typeorm/driver/src/driver/postgres/PostgresQueryRunner.ts:2319:13)
    at async RdbmsSchemaBuilder.updateExistColumns (/Users/alaabedr/Development/projects/waterway/eaten/backend/node_modules/typeorm/schema-builder/src/schema-builder/RdbmsSchemaBuilder.ts:969:13)
    at async RdbmsSchemaBuilder.executeSchemaSyncOperationsInProperOrder (/Users/alaabedr/Development/projects/waterway/eaten/backend/node_modules/typeorm/schema-builder/src/schema-builder/RdbmsSchemaBuilder.ts:229:9)
    at async RdbmsSchemaBuilder.build (/Users/alaabedr/Development/projects/waterway/eaten/backend/node_modules/typeorm/schema-builder/src/schema-builder/RdbmsSchemaBuilder.ts:95:13)
    at async DataSource.synchronize (/Users/alaabedr/Development/projects/waterway/eaten/backend/node_modules/typeorm/data-source/src/data-source/DataSource.ts:340:9)
[31m[Nest] 99938  - [39m02/07/2026, 2:48:35 PM [31m  ERROR[39m [38;5;3m[TypeOrmModule] [39m[31mUnable to connect to the database. Retrying (4)...[39m
QueryFailedError: column "zoneId" of relation "booking" contains null values
    at PostgresQueryRunner.query (/Users/alaabedr/Development/projects/waterway/eaten/backend/node_modules/typeorm/driver/src/driver/postgres/PostgresQueryRunner.ts:325:19)
    at process.processTicksAndRejections (node:internal/process/task_queues:105:5)
    at async PostgresQueryRunner.executeQueries (/Users/alaabedr/Development/projects/waterway/eaten/backend/node_modules/typeorm/query-runner/src/query-runner/BaseQueryRunner.ts:681:13)
    at async PostgresQueryRunner.addColumn (/Users/alaabedr/Development/projects/waterway/eaten/backend/node_modules/typeorm/driver/src/driver/postgres/PostgresQueryRunner.ts:1160:9)
    at async PostgresQueryRunner.changeColumn (/Users/alaabedr/Development/projects/waterway/eaten/backend/node_modules/typeorm/driver/src/driver/postgres/PostgresQueryRunner.ts:1245:13)
    at async PostgresQueryRunner.changeColumns (/Users/alaabedr/Development/projects/waterway/eaten/backend/node_modules/typeorm/driver/src/driver/postgres/PostgresQueryRunner.ts:2319:13)
    at async RdbmsSchemaBuilder.updateExistColumns (/Users/alaabedr/Development/projects/waterway/eaten/backend/node_modules/typeorm/schema-builder/src/schema-builder/RdbmsSchemaBuilder.ts:969:13)
    at async RdbmsSchemaBuilder.executeSchemaSyncOperationsInProperOrder (/Users/alaabedr/Development/projects/waterway/eaten/backend/node_modules/typeorm/schema-builder/src/schema-builder/RdbmsSchemaBuilder.ts:229:9)
    at async RdbmsSchemaBuilder.build (/Users/alaabedr/Development/projects/waterway/eaten/backend/node_modules/typeorm/schema-builder/src/schema-builder/RdbmsSchemaBuilder.ts:95:13)
    at async DataSource.synchronize (/Users/alaabedr/Development/projects/waterway/eaten/backend/node_modules/typeorm/data-source/src/data-source/DataSource.ts:340:9)
[31m[Nest] 99938  - [39m02/07/2026, 2:48:38 PM [31m  ERROR[39m [38;5;3m[TypeOrmModule] [39m[31mUnable to connect to the database. Retrying (5)...[39m
QueryFailedError: column "zoneId" of relation "booking" contains null values
    at PostgresQueryRunner.query (/Users/alaabedr/Development/projects/waterway/eaten/backend/node_modules/typeorm/driver/src/driver/postgres/PostgresQueryRunner.ts:325:19)
    at process.processTicksAndRejections (node:internal/process/task_queues:105:5)
    at async PostgresQueryRunner.executeQueries (/Users/alaabedr/Development/projects/waterway/eaten/backend/node_modules/typeorm/query-runner/src/query-runner/BaseQueryRunner.ts:681:13)
    at async PostgresQueryRunner.addColumn (/Users/alaabedr/Development/projects/waterway/eaten/backend/node_modules/typeorm/driver/src/driver/postgres/PostgresQueryRunner.ts:1160:9)
    at async PostgresQueryRunner.changeColumn (/Users/alaabedr/Development/projects/waterway/eaten/backend/node_modules/typeorm/driver/src/driver/postgres/PostgresQueryRunner.ts:1245:13)
    at async PostgresQueryRunner.changeColumns (/Users/alaabedr/Development/projects/waterway/eaten/backend/node_modules/typeorm/driver/src/driver/postgres/PostgresQueryRunner.ts:2319:13)
    at async RdbmsSchemaBuilder.updateExistColumns (/Users/alaabedr/Development/projects/waterway/eaten/backend/node_modules/typeorm/schema-builder/src/schema-builder/RdbmsSchemaBuilder.ts:969:13)
    at async RdbmsSchemaBuilder.executeSchemaSyncOperationsInProperOrder (/Users/alaabedr/Development/projects/waterway/eaten/backend/node_modules/typeorm/schema-builder/src/schema-builder/RdbmsSchemaBuilder.ts:229:9)
    at async RdbmsSchemaBuilder.build (/Users/alaabedr/Development/projects/waterway/eaten/backend/node_modules/typeorm/schema-builder/src/schema-builder/RdbmsSchemaBuilder.ts:95:13)
    at async DataSource.synchronize (/Users/alaabedr/Development/projects/waterway/eaten/backend/node_modules/typeorm/data-source/src/data-source/DataSource.ts:340:9)
[31m[Nest] 99938  - [39m02/07/2026, 2:48:41 PM [31m  ERROR[39m [38;5;3m[TypeOrmModule] [39m[31mUnable to connect to the database. Retrying (6)...[39m
QueryFailedError: column "zoneId" of relation "booking" contains null values
    at PostgresQueryRunner.query (/Users/alaabedr/Development/projects/waterway/eaten/backend/node_modules/typeorm/driver/src/driver/postgres/PostgresQueryRunner.ts:325:19)
    at process.processTicksAndRejections (node:internal/process/task_queues:105:5)
    at async PostgresQueryRunner.executeQueries (/Users/alaabedr/Development/projects/waterway/eaten/backend/node_modules/typeorm/query-runner/src/query-runner/BaseQueryRunner.ts:681:13)
    at async PostgresQueryRunner.addColumn (/Users/alaabedr/Development/projects/waterway/eaten/backend/node_modules/typeorm/driver/src/driver/postgres/PostgresQueryRunner.ts:1160:9)
    at async PostgresQueryRunner.changeColumn (/Users/alaabedr/Development/projects/waterway/eaten/backend/node_modules/typeorm/driver/src/driver/postgres/PostgresQueryRunner.ts:1245:13)
    at async PostgresQueryRunner.changeColumns (/Users/alaabedr/Development/projects/waterway/eaten/backend/node_modules/typeorm/driver/src/driver/postgres/PostgresQueryRunner.ts:2319:13)
    at async RdbmsSchemaBuilder.updateExistColumns (/Users/alaabedr/Development/projects/waterway/eaten/backend/node_modules/typeorm/schema-builder/src/schema-builder/RdbmsSchemaBuilder.ts:969:13)
    at async RdbmsSchemaBuilder.executeSchemaSyncOperationsInProperOrder (/Users/alaabedr/Development/projects/waterway/eaten/backend/node_modules/typeorm/schema-builder/src/schema-builder/RdbmsSchemaBuilder.ts:229:9)
    at async RdbmsSchemaBuilder.build (/Users/alaabedr/Development/projects/waterway/eaten/backend/node_modules/typeorm/schema-builder/src/schema-builder/RdbmsSchemaBuilder.ts:95:13)
    at async DataSource.synchronize (/Users/alaabedr/Development/projects/waterway/eaten/backend/node_modules/typeorm/data-source/src/data-source/DataSource.ts:340:9)
[31m[Nest] 99938  - [39m02/07/2026, 2:48:44 PM [31m  ERROR[39m [38;5;3m[TypeOrmModule] [39m[31mUnable to connect to the database. Retrying (7)...[39m
QueryFailedError: column "zoneId" of relation "booking" contains null values
    at PostgresQueryRunner.query (/Users/alaabedr/Development/projects/waterway/eaten/backend/node_modules/typeorm/driver/src/driver/postgres/PostgresQueryRunner.ts:325:19)
    at process.processTicksAndRejections (node:internal/process/task_queues:105:5)
    at async PostgresQueryRunner.executeQueries (/Users/alaabedr/Development/projects/waterway/eaten/backend/node_modules/typeorm/query-runner/src/query-runner/BaseQueryRunner.ts:681:13)
    at async PostgresQueryRunner.addColumn (/Users/alaabedr/Development/projects/waterway/eaten/backend/node_modules/typeorm/driver/src/driver/postgres/PostgresQueryRunner.ts:1160:9)
    at async PostgresQueryRunner.changeColumn (/Users/alaabedr/Development/projects/waterway/eaten/backend/node_modules/typeorm/driver/src/driver/postgres/PostgresQueryRunner.ts:1245:13)
    at async PostgresQueryRunner.changeColumns (/Users/alaabedr/Development/projects/waterway/eaten/backend/node_modules/typeorm/driver/src/driver/postgres/PostgresQueryRunner.ts:2319:13)
    at async RdbmsSchemaBuilder.updateExistColumns (/Users/alaabedr/Development/projects/waterway/eaten/backend/node_modules/typeorm/schema-builder/src/schema-builder/RdbmsSchemaBuilder.ts:969:13)
    at async RdbmsSchemaBuilder.executeSchemaSyncOperationsInProperOrder (/Users/alaabedr/Development/projects/waterway/eaten/backend/node_modules/typeorm/schema-builder/src/schema-builder/RdbmsSchemaBuilder.ts:229:9)
    at async RdbmsSchemaBuilder.build (/Users/alaabedr/Development/projects/waterway/eaten/backend/node_modules/typeorm/schema-builder/src/schema-builder/RdbmsSchemaBuilder.ts:95:13)
    at async DataSource.synchronize (/Users/alaabedr/Development/projects/waterway/eaten/backend/node_modules/typeorm/data-source/src/data-source/DataSource.ts:340:9)
[31m[Nest] 99938  - [39m02/07/2026, 2:48:48 PM [31m  ERROR[39m [38;5;3m[TypeOrmModule] [39m[31mUnable to connect to the database. Retrying (8)...[39m
QueryFailedError: column "zoneId" of relation "booking" contains null values
    at PostgresQueryRunner.query (/Users/alaabedr/Development/projects/waterway/eaten/backend/node_modules/typeorm/driver/src/driver/postgres/PostgresQueryRunner.ts:325:19)
    at process.processTicksAndRejections (node:internal/process/task_queues:105:5)
    at async PostgresQueryRunner.executeQueries (/Users/alaabedr/Development/projects/waterway/eaten/backend/node_modules/typeorm/query-runner/src/query-runner/BaseQueryRunner.ts:681:13)
    at async PostgresQueryRunner.addColumn (/Users/alaabedr/Development/projects/waterway/eaten/backend/node_modules/typeorm/driver/src/driver/postgres/PostgresQueryRunner.ts:1160:9)
    at async PostgresQueryRunner.changeColumn (/Users/alaabedr/Development/projects/waterway/eaten/backend/node_modules/typeorm/driver/src/driver/postgres/PostgresQueryRunner.ts:1245:13)
    at async PostgresQueryRunner.changeColumns (/Users/alaabedr/Development/projects/waterway/eaten/backend/node_modules/typeorm/driver/src/driver/postgres/PostgresQueryRunner.ts:2319:13)
    at async RdbmsSchemaBuilder.updateExistColumns (/Users/alaabedr/Development/projects/waterway/eaten/backend/node_modules/typeorm/schema-builder/src/schema-builder/RdbmsSchemaBuilder.ts:969:13)
    at async RdbmsSchemaBuilder.executeSchemaSyncOperationsInProperOrder (/Users/alaabedr/Development/projects/waterway/eaten/backend/node_modules/typeorm/schema-builder/src/schema-builder/RdbmsSchemaBuilder.ts:229:9)
    at async RdbmsSchemaBuilder.build (/Users/alaabedr/Development/projects/waterway/eaten/backend/node_modules/typeorm/schema-builder/src/schema-builder/RdbmsSchemaBuilder.ts:95:13)
    at async DataSource.synchronize (/Users/alaabedr/Development/projects/waterway/eaten/backend/node_modules/typeorm/data-source/src/data-source/DataSource.ts:340:9)
[2J[3J[H[[90m2:48:50 PM[0m] File change detected. Starting incremental compilation...

[[90m2:48:50 PM[0m] Found 0 errors. Watching for file changes.

[32m[Nest] 243  - [39m02/07/2026, 2:48:51 PM [32m    LOG[39m [38;5;3m[NestFactory] [39m[32mStarting Nest application...[39m
[32m[Nest] 243  - [39m02/07/2026, 2:48:51 PM [32m    LOG[39m [38;5;3m[InstanceLoader] [39m[32mTypeOrmModule dependencies initialized[39m[38;5;3m +6ms[39m
[32m[Nest] 243  - [39m02/07/2026, 2:48:51 PM [32m    LOG[39m [38;5;3m[InstanceLoader] [39m[32mPassportModule dependencies initialized[39m[38;5;3m +0ms[39m
[32m[Nest] 243  - [39m02/07/2026, 2:48:51 PM [32m    LOG[39m [38;5;3m[InstanceLoader] [39m[32mConfigHostModule dependencies initialized[39m[38;5;3m +0ms[39m
[32m[Nest] 243  - [39m02/07/2026, 2:48:51 PM [32m    LOG[39m [38;5;3m[InstanceLoader] [39m[32mAppModule dependencies initialized[39m[38;5;3m +1ms[39m
[32m[Nest] 243  - [39m02/07/2026, 2:48:51 PM [32m    LOG[39m [38;5;3m[InstanceLoader] [39m[32mConfigModule dependencies initialized[39m[38;5;3m +0ms[39m
[32m[Nest] 243  - [39m02/07/2026, 2:48:51 PM [32m    LOG[39m [38;5;3m[InstanceLoader] [39m[32mConfigModule dependencies initialized[39m[38;5;3m +0ms[39m
[32m[Nest] 243  - [39m02/07/2026, 2:48:51 PM [32m    LOG[39m [38;5;3m[InstanceLoader] [39m[32mJwtModule dependencies initialized[39m[38;5;3m +18ms[39m
[32m[Nest] 243  - [39m02/07/2026, 2:48:51 PM [32m    LOG[39m [38;5;3m[InstanceLoader] [39m[32mTypeOrmCoreModule dependencies initialized[39m[38;5;3m +100ms[39m
[32m[Nest] 243  - [39m02/07/2026, 2:48:51 PM [32m    LOG[39m [38;5;3m[InstanceLoader] [39m[32mTypeOrmModule dependencies initialized[39m[38;5;3m +0ms[39m
[32m[Nest] 243  - [39m02/07/2026, 2:48:51 PM [32m    LOG[39m [38;5;3m[InstanceLoader] [39m[32mTypeOrmModule dependencies initialized[39m[38;5;3m +0ms[39m
[32m[Nest] 243  - [39m02/07/2026, 2:48:51 PM [32m    LOG[39m [38;5;3m[InstanceLoader] [39m[32mTypeOrmModule dependencies initialized[39m[38;5;3m +0ms[39m
[32m[Nest] 243  - [39m02/07/2026, 2:48:51 PM [32m    LOG[39m [38;5;3m[InstanceLoader] [39m[32mTypeOrmModule dependencies initialized[39m[38;5;3m +0ms[39m
[32m[Nest] 243  - [39m02/07/2026, 2:48:51 PM [32m    LOG[39m [38;5;3m[InstanceLoader] [39m[32mTypeOrmModule dependencies initialized[39m[38;5;3m +0ms[39m
[32m[Nest] 243  - [39m02/07/2026, 2:48:51 PM [32m    LOG[39m [38;5;3m[InstanceLoader] [39m[32mAdminsModule dependencies initialized[39m[38;5;3m +0ms[39m
[32m[Nest] 243  - [39m02/07/2026, 2:48:51 PM [32m    LOG[39m [38;5;3m[InstanceLoader] [39m[32mZonesModule dependencies initialized[39m[38;5;3m +1ms[39m
[32m[Nest] 243  - [39m02/07/2026, 2:48:51 PM [32m    LOG[39m [38;5;3m[InstanceLoader] [39m[32mServicesModule dependencies initialized[39m[38;5;3m +0ms[39m
[32m[Nest] 243  - [39m02/07/2026, 2:48:51 PM [32m    LOG[39m [38;5;3m[InstanceLoader] [39m[32mCancellationReasonsModule dependencies initialized[39m[38;5;3m +0ms[39m
[32m[Nest] 243  - [39m02/07/2026, 2:48:51 PM [32m    LOG[39m [38;5;3m[InstanceLoader] [39m[32mAuthModule dependencies initialized[39m[38;5;3m +0ms[39m
[32m[Nest] 243  - [39m02/07/2026, 2:48:51 PM [32m    LOG[39m [38;5;3m[InstanceLoader] [39m[32mBookingsModule dependencies initialized[39m[38;5;3m +0ms[39m
[32m[Nest] 243  - [39m02/07/2026, 2:48:51 PM [32m    LOG[39m [38;5;3m[RoutesResolver] [39m[32mAppController {/api}:[39m[38;5;3m +13ms[39m
[32m[Nest] 243  - [39m02/07/2026, 2:48:51 PM [32m    LOG[39m [38;5;3m[RouterExplorer] [39m[32mMapped {/api, GET} route[39m[38;5;3m +1ms[39m
[32m[Nest] 243  - [39m02/07/2026, 2:48:51 PM [32m    LOG[39m [38;5;3m[RoutesResolver] [39m[32mZonesController {/api/zones}:[39m[38;5;3m +0ms[39m
[32m[Nest] 243  - [39m02/07/2026, 2:48:51 PM [32m    LOG[39m [38;5;3m[RouterExplorer] [39m[32mMapped {/api/zones, POST} route[39m[38;5;3m +0ms[39m
[32m[Nest] 243  - [39m02/07/2026, 2:48:51 PM [32m    LOG[39m [38;5;3m[RouterExplorer] [39m[32mMapped {/api/zones, GET} route[39m[38;5;3m +0ms[39m
[32m[Nest] 243  - [39m02/07/2026, 2:48:51 PM [32m    LOG[39m [38;5;3m[RouterExplorer] [39m[32mMapped {/api/zones/:id, GET} route[39m[38;5;3m +0ms[39m
[32m[Nest] 243  - [39m02/07/2026, 2:48:51 PM [32m    LOG[39m [38;5;3m[RouterExplorer] [39m[32mMapped {/api/zones/:id, PATCH} route[39m[38;5;3m +1ms[39m
[32m[Nest] 243  - [39m02/07/2026, 2:48:51 PM [32m    LOG[39m [38;5;3m[RouterExplorer] [39m[32mMapped {/api/zones/:id, DELETE} route[39m[38;5;3m +0ms[39m
[32m[Nest] 243  - [39m02/07/2026, 2:48:51 PM [32m    LOG[39m [38;5;3m[RoutesResolver] [39m[32mServicesController {/api/services}:[39m[38;5;3m +0ms[39m
[32m[Nest] 243  - [39m02/07/2026, 2:48:51 PM [32m    LOG[39m [38;5;3m[RouterExplorer] [39m[32mMapped {/api/services, POST} route[39m[38;5;3m +0ms[39m
[32m[Nest] 243  - [39m02/07/2026, 2:48:51 PM [32m    LOG[39m [38;5;3m[RouterExplorer] [39m[32mMapped {/api/services, GET} route[39m[38;5;3m +0ms[39m
[32m[Nest] 243  - [39m02/07/2026, 2:48:51 PM [32m    LOG[39m [38;5;3m[RouterExplorer] [39m[32mMapped {/api/services/:id, GET} route[39m[38;5;3m +0ms[39m
[32m[Nest] 243  - [39m02/07/2026, 2:48:51 PM [32m    LOG[39m [38;5;3m[RouterExplorer] [39m[32mMapped {/api/services/:id, PATCH} route[39m[38;5;3m +0ms[39m
[32m[Nest] 243  - [39m02/07/2026, 2:48:51 PM [32m    LOG[39m [38;5;3m[RouterExplorer] [39m[32mMapped {/api/services/:id, DELETE} route[39m[38;5;3m +0ms[39m
[32m[Nest] 243  - [39m02/07/2026, 2:48:51 PM [32m    LOG[39m [38;5;3m[RoutesResolver] [39m[32mBookingsController {/api/bookings}:[39m[38;5;3m +0ms[39m
[32m[Nest] 243  - [39m02/07/2026, 2:48:51 PM [32m    LOG[39m [38;5;3m[RouterExplorer] [39m[32mMapped {/api/bookings, POST} route[39m[38;5;3m +0ms[39m
[32m[Nest] 243  - [39m02/07/2026, 2:48:51 PM [32m    LOG[39m [38;5;3m[RouterExplorer] [39m[32mMapped {/api/bookings, GET} route[39m[38;5;3m +0ms[39m
[32m[Nest] 243  - [39m02/07/2026, 2:48:51 PM [32m    LOG[39m [38;5;3m[RouterExplorer] [39m[32mMapped {/api/bookings/:id, GET} route[39m[38;5;3m +0ms[39m
[32m[Nest] 243  - [39m02/07/2026, 2:48:51 PM [32m    LOG[39m [38;5;3m[RouterExplorer] [39m[32mMapped {/api/bookings/:id, PATCH} route[39m[38;5;3m +0ms[39m
[32m[Nest] 243  - [39m02/07/2026, 2:48:51 PM [32m    LOG[39m [38;5;3m[RouterExplorer] [39m[32mMapped {/api/bookings/:id, DELETE} route[39m[38;5;3m +1ms[39m
[32m[Nest] 243  - [39m02/07/2026, 2:48:51 PM [32m    LOG[39m [38;5;3m[RouterExplorer] [39m[32mMapped {/api/bookings/:id/cancel, PATCH} route[39m[38;5;3m +0ms[39m
[32m[Nest] 243  - [39m02/07/2026, 2:48:51 PM [32m    LOG[39m [38;5;3m[RoutesResolver] [39m[32mCancellationReasonsController {/api/cancellation-reasons}:[39m[38;5;3m +0ms[39m
[32m[Nest] 243  - [39m02/07/2026, 2:48:51 PM [32m    LOG[39m [38;5;3m[RouterExplorer] [39m[32mMapped {/api/cancellation-reasons, POST} route[39m[38;5;3m +0ms[39m
[32m[Nest] 243  - [39m02/07/2026, 2:48:51 PM [32m    LOG[39m [38;5;3m[RouterExplorer] [39m[32mMapped {/api/cancellation-reasons, GET} route[39m[38;5;3m +0ms[39m
[32m[Nest] 243  - [39m02/07/2026, 2:48:51 PM [32m    LOG[39m [38;5;3m[RouterExplorer] [39m[32mMapped {/api/cancellation-reasons/:id, GET} route[39m[38;5;3m +0ms[39m
[32m[Nest] 243  - [39m02/07/2026, 2:48:51 PM [32m    LOG[39m [38;5;3m[RouterExplorer] [39m[32mMapped {/api/cancellation-reasons/:id, PATCH} route[39m[38;5;3m +0ms[39m
[32m[Nest] 243  - [39m02/07/2026, 2:48:51 PM [32m    LOG[39m [38;5;3m[RouterExplorer] [39m[32mMapped {/api/cancellation-reasons/:id, DELETE} route[39m[38;5;3m +0ms[39m
[32m[Nest] 243  - [39m02/07/2026, 2:48:51 PM [32m    LOG[39m [38;5;3m[RoutesResolver] [39m[32mAuthController {/api/auth}:[39m[38;5;3m +0ms[39m
[32m[Nest] 243  - [39m02/07/2026, 2:48:51 PM [32m    LOG[39m [38;5;3m[RouterExplorer] [39m[32mMapped {/api/auth/admin/login, POST} route[39m[38;5;3m +0ms[39m
[32m[Nest] 243  - [39m02/07/2026, 2:48:51 PM [32m    LOG[39m [38;5;3m[NestApplication] [39m[32mNest application successfully started[39m[38;5;3m +1ms[39m
