
> eaten@0.0.1 start:dev
> nest start --watch

[2J[3J[H[[90m2:48:54 PM[0m] Starting compilation in watch mode...

[[90m2:48:56 PM[0m] Found 0 errors. Watching for file changes.

[32m[Nest] 606  - [39m02/07/2026, 2:48:58 PM [32m    LOG[39m [38;5;3m[NestFactory] [39m[32mStarting Nest application...[39m
[32m[Nest] 606  - [39m02/07/2026, 2:48:58 PM [32m    LOG[39m [38;5;3m[InstanceLoader] [39m[32mTypeOrmModule dependencies initialized[39m[38;5;3m +7ms[39m
[32m[Nest] 606  - [39m02/07/2026, 2:48:58 PM [32m    LOG[39m [38;5;3m[InstanceLoader] [39m[32mPassportModule dependencies initialized[39m[38;5;3m +0ms[39m
[32m[Nest] 606  - [39m02/07/2026, 2:48:58 PM [32m    LOG[39m [38;5;3m[InstanceLoader] [39m[32mConfigHostModule dependencies initialized[39m[38;5;3m +0ms[39m
[32m[Nest] 606  - [39m02/07/2026, 2:48:58 PM [32m    LOG[39m [38;5;3m[InstanceLoader] [39m[32mAppModule dependencies initialized[39m[38;5;3m +0ms[39m
[32m[Nest] 606  - [39m02/07/2026, 2:48:58 PM [32m    LOG[39m [38;5;3m[InstanceLoader] [39m[32mConfigModule dependencies initialized[39m[38;5;3m +0ms[39m
[32m[Nest] 606  - [39m02/07/2026, 2:48:58 PM [32m    LOG[39m [38;5;3m[InstanceLoader] [39m[32mConfigModule dependencies initialized[39m[38;5;3m +0ms[39m
[32m[Nest] 606  - [39m02/07/2026, 2:48:58 PM [32m    LOG[39m [38;5;3m[InstanceLoader] [39m[32mJwtModule dependencies initialized[39m[38;5;3m +21ms[39m
[32m[Nest] 606  - [39m02/07/2026, 2:48:59 PM [32m    LOG[39m [38;5;3m[InstanceLoader] [39m[32mTypeOrmCoreModule dependencies initialized[39m[38;5;3m +112ms[39m
[32m[Nest] 606  - [39m02/07/2026, 2:48:59 PM [32m    LOG[39m [38;5;3m[InstanceLoader] [39m[32mTypeOrmModule dependencies initialized[39m[38;5;3m +0ms[39m
[32m[Nest] 606  - [39m02/07/2026, 2:48:59 PM [32m    LOG[39m [38;5;3m[InstanceLoader] [39m[32mTypeOrmModule dependencies initialized[39m[38;5;3m +0ms[39m
[32m[Nest] 606  - [39m02/07/2026, 2:48:59 PM [32m    LOG[39m [38;5;3m[InstanceLoader] [39m[32mTypeOrmModule dependencies initialized[39m[38;5;3m +0ms[39m
[32m[Nest] 606  - [39m02/07/2026, 2:48:59 PM [32m    LOG[39m [38;5;3m[InstanceLoader] [39m[32mTypeOrmModule dependencies initialized[39m[38;5;3m +0ms[39m
[32m[Nest] 606  - [39m02/07/2026, 2:48:59 PM [32m    LOG[39m [38;5;3m[InstanceLoader] [39m[32mTypeOrmModule dependencies initialized[39m[38;5;3m +0ms[39m
[32m[Nest] 606  - [39m02/07/2026, 2:48:59 PM [32m    LOG[39m [38;5;3m[InstanceLoader] [39m[32mAdminsModule dependencies initialized[39m[38;5;3m +0ms[39m
[32m[Nest] 606  - [39m02/07/2026, 2:48:59 PM [32m    LOG[39m [38;5;3m[InstanceLoader] [39m[32mZonesModule dependencies initialized[39m[38;5;3m +1ms[39m
[32m[Nest] 606  - [39m02/07/2026, 2:48:59 PM [32m    LOG[39m [38;5;3m[InstanceLoader] [39m[32mServicesModule dependencies initialized[39m[38;5;3m +0ms[39m
[32m[Nest] 606  - [39m02/07/2026, 2:48:59 PM [32m    LOG[39m [38;5;3m[InstanceLoader] [39m[32mCancellationReasonsModule dependencies initialized[39m[38;5;3m +0ms[39m
[32m[Nest] 606  - [39m02/07/2026, 2:48:59 PM [32m    LOG[39m [38;5;3m[InstanceLoader] [39m[32mAuthModule dependencies initialized[39m[38;5;3m +0ms[39m
[32m[Nest] 606  - [39m02/07/2026, 2:48:59 PM [32m    LOG[39m [38;5;3m[InstanceLoader] [39m[32mBookingsModule dependencies initialized[39m[38;5;3m +0ms[39m
[32m[Nest] 606  - [39m02/07/2026, 2:48:59 PM [32m    LOG[39m [38;5;3m[RoutesResolver] [39m[32mAppController {/api}:[39m[38;5;3m +11ms[39m
[32m[Nest] 606  - [39m02/07/2026, 2:48:59 PM [32m    LOG[39m [38;5;3m[RouterExplorer] [39m[32mMapped {/api, GET} route[39m[38;5;3m +1ms[39m
[32m[Nest] 606  - [39m02/07/2026, 2:48:59 PM [32m    LOG[39m [38;5;3m[RoutesResolver] [39m[32mZonesController {/api/zones}:[39m[38;5;3m +0ms[39m
[32m[Nest] 606  - [39m02/07/2026, 2:48:59 PM [32m    LOG[39m [38;5;3m[RouterExplorer] [39m[32mMapped {/api/zones, POST} route[39m[38;5;3m +0ms[39m
[32m[Nest] 606  - [39m02/07/2026, 2:48:59 PM [32m    LOG[39m [38;5;3m[RouterExplorer] [39m[32mMapped {/api/zones, GET} route[39m[38;5;3m +0ms[39m
[32m[Nest] 606  - [39m02/07/2026, 2:48:59 PM [32m    LOG[39m [38;5;3m[RouterExplorer] [39m[32mMapped {/api/zones/:id, GET} route[39m[38;5;3m +1ms[39m
[32m[Nest] 606  - [39m02/07/2026, 2:48:59 PM [32m    LOG[39m [38;5;3m[RouterExplorer] [39m[32mMapped {/api/zones/:id, PATCH} route[39m[38;5;3m +0ms[39m
[32m[Nest] 606  - [39m02/07/2026, 2:48:59 PM [32m    LOG[39m [38;5;3m[RouterExplorer] [39m[32mMapped {/api/zones/:id, DELETE} route[39m[38;5;3m +0ms[39m
[32m[Nest] 606  - [39m02/07/2026, 2:48:59 PM [32m    LOG[39m [38;5;3m[RoutesResolver] [39m[32mServicesController {/api/services}:[39m[38;5;3m +0ms[39m
[32m[Nest] 606  - [39m02/07/2026, 2:48:59 PM [32m    LOG[39m [38;5;3m[RouterExplorer] [39m[32mMapped {/api/services, POST} route[39m[38;5;3m +0ms[39m
[32m[Nest] 606  - [39m02/07/2026, 2:48:59 PM [32m    LOG[39m [38;5;3m[RouterExplorer] [39m[32mMapped {/api/services, GET} route[39m[38;5;3m +0ms[39m
[32m[Nest] 606  - [39m02/07/2026, 2:48:59 PM [32m    LOG[39m [38;5;3m[RouterExplorer] [39m[32mMapped {/api/services/:id, GET} route[39m[38;5;3m +0ms[39m
[32m[Nest] 606  - [39m02/07/2026, 2:48:59 PM [32m    LOG[39m [38;5;3m[RouterExplorer] [39m[32mMapped {/api/services/:id, PATCH} route[39m[38;5;3m +0ms[39m
[32m[Nest] 606  - [39m02/07/2026, 2:48:59 PM [32m    LOG[39m [38;5;3m[RouterExplorer] [39m[32mMapped {/api/services/:id, DELETE} route[39m[38;5;3m +0ms[39m
[32m[Nest] 606  - [39m02/07/2026, 2:48:59 PM [32m    LOG[39m [38;5;3m[RoutesResolver] [39m[32mBookingsController {/api/bookings}:[39m[38;5;3m +0ms[39m
[32m[Nest] 606  - [39m02/07/2026, 2:48:59 PM [32m    LOG[39m [38;5;3m[RouterExplorer] [39m[32mMapped {/api/bookings, POST} route[39m[38;5;3m +0ms[39m
[32m[Nest] 606  - [39m02/07/2026, 2:48:59 PM [32m    LOG[39m [38;5;3m[RouterExplorer] [39m[32mMapped {/api/bookings, GET} route[39m[38;5;3m +1ms[39m
[32m[Nest] 606  - [39m02/07/2026, 2:48:59 PM [32m    LOG[39m [38;5;3m[RouterExplorer] [39m[32mMapped {/api/bookings/:id, GET} route[39m[38;5;3m +0ms[39m
[32m[Nest] 606  - [39m02/07/2026, 2:48:59 PM [32m    LOG[39m [38;5;3m[RouterExplorer] [39m[32mMapped {/api/bookings/:id, PATCH} route[39m[38;5;3m +0ms[39m
[32m[Nest] 606  - [39m02/07/2026, 2:48:59 PM [32m    LOG[39m [38;5;3m[RouterExplorer] [39m[32mMapped {/api/bookings/:id, DELETE} route[39m[38;5;3m +0ms[39m
[32m[Nest] 606  - [39m02/07/2026, 2:48:59 PM [32m    LOG[39m [38;5;3m[RouterExplorer] [39m[32mMapped {/api/bookings/:id/cancel, PATCH} route[39m[38;5;3m +0ms[39m
[32m[Nest] 606  - [39m02/07/2026, 2:48:59 PM [32m    LOG[39m [38;5;3m[RoutesResolver] [39m[32mCancellationReasonsController {/api/cancellation-reasons}:[39m[38;5;3m +0ms[39m
[32m[Nest] 606  - [39m02/07/2026, 2:48:59 PM [32m    LOG[39m [38;5;3m[RouterExplorer] [39m[32mMapped {/api/cancellation-reasons, POST} route[39m[38;5;3m +0ms[39m
[32m[Nest] 606  - [39m02/07/2026, 2:48:59 PM [32m    LOG[39m [38;5;3m[RouterExplorer] [39m[32mMapped {/api/cancellation-reasons, GET} route[39m[38;5;3m +0ms[39m
[32m[Nest] 606  - [39m02/07/2026, 2:48:59 PM [32m    LOG[39m [38;5;3m[RouterExplorer] [39m[32mMapped {/api/cancellation-reasons/:id, GET} route[39m[38;5;3m +0ms[39m
[32m[Nest] 606  - [39m02/07/2026, 2:48:59 PM [32m    LOG[39m [38;5;3m[RouterExplorer] [39m[32mMapped {/api/cancellation-reasons/:id, PATCH} route[39m[38;5;3m +0ms[39m
[32m[Nest] 606  - [39m02/07/2026, 2:48:59 PM [32m    LOG[39m [38;5;3m[RouterExplorer] [39m[32mMapped {/api/cancellation-reasons/:id, DELETE} route[39m[38;5;3m +0ms[39m
[32m[Nest] 606  - [39m02/07/2026, 2:48:59 PM [32m    LOG[39m [38;5;3m[RoutesResolver] [39m[32mAuthController {/api/auth}:[39m[38;5;3m +0ms[39m
[32m[Nest] 606  - [39m02/07/2026, 2:48:59 PM [32m    LOG[39m [38;5;3m[RouterExplorer] [39m[32mMapped {/api/auth/admin/login, POST} route[39m[38;5;3m +0ms[39m
[32m[Nest] 606  - [39m02/07/2026, 2:48:59 PM [32m    LOG[39m [38;5;3m[NestApplication] [39m[32mNest application successfully started[39m[38;5;3m +1ms[39m
[2J[3J[H[[90m2:49:24 PM[0m] File change detected. Starting incremental compilation...

[[90m2:49:24 PM[0m] Found 0 errors. Watching for file changes.

[32m[Nest] 830  - [39m02/07/2026, 2:49:25 PM [32m    LOG[39m [38;5;3m[NestFactory] [39m[32mStarting Nest application...[39m
[32m[Nest] 830  - [39m02/07/2026, 2:49:25 PM [32m    LOG[39m [38;5;3m[InstanceLoader] [39m[32mTypeOrmModule dependencies initialized[39m[38;5;3m +6ms[39m
[32m[Nest] 830  - [39m02/07/2026, 2:49:25 PM [32m    LOG[39m [38;5;3m[InstanceLoader] [39m[32mPassportModule dependencies initialized[39m[38;5;3m +0ms[39m
[32m[Nest] 830  - [39m02/07/2026, 2:49:25 PM [32m    LOG[39m [38;5;3m[InstanceLoader] [39m[32mConfigHostModule dependencies initialized[39m[38;5;3m +0ms[39m
[32m[Nest] 830  - [39m02/07/2026, 2:49:25 PM [32m    LOG[39m [38;5;3m[InstanceLoader] [39m[32mAppModule dependencies initialized[39m[38;5;3m +1ms[39m
[32m[Nest] 830  - [39m02/07/2026, 2:49:25 PM [32m    LOG[39m [38;5;3m[InstanceLoader] [39m[32mConfigModule dependencies initialized[39m[38;5;3m +0ms[39m
[32m[Nest] 830  - [39m02/07/2026, 2:49:25 PM [32m    LOG[39m [38;5;3m[InstanceLoader] [39m[32mConfigModule dependencies initialized[39m[38;5;3m +0ms[39m
[32m[Nest] 830  - [39m02/07/2026, 2:49:25 PM [32m    LOG[39m [38;5;3m[InstanceLoader] [39m[32mJwtModule dependencies initialized[39m[38;5;3m +18ms[39m
[32m[Nest] 830  - [39m02/07/2026, 2:49:25 PM [32m    LOG[39m [38;5;3m[InstanceLoader] [39m[32mTypeOrmCoreModule dependencies initialized[39m[38;5;3m +74ms[39m
[32m[Nest] 830  - [39m02/07/2026, 2:49:25 PM [32m    LOG[39m [38;5;3m[InstanceLoader] [39m[32mTypeOrmModule dependencies initialized[39m[38;5;3m +0ms[39m
[32m[Nest] 830  - [39m02/07/2026, 2:49:25 PM [32m    LOG[39m [38;5;3m[InstanceLoader] [39m[32mTypeOrmModule dependencies initialized[39m[38;5;3m +0ms[39m
[32m[Nest] 830  - [39m02/07/2026, 2:49:25 PM [32m    LOG[39m [38;5;3m[InstanceLoader] [39m[32mTypeOrmModule dependencies initialized[39m[38;5;3m +0ms[39m
[32m[Nest] 830  - [39m02/07/2026, 2:49:25 PM [32m    LOG[39m [38;5;3m[InstanceLoader] [39m[32mTypeOrmModule dependencies initialized[39m[38;5;3m +0ms[39m
[32m[Nest] 830  - [39m02/07/2026, 2:49:25 PM [32m    LOG[39m [38;5;3m[InstanceLoader] [39m[32mTypeOrmModule dependencies initialized[39m[38;5;3m +0ms[39m
[32m[Nest] 830  - [39m02/07/2026, 2:49:25 PM [32m    LOG[39m [38;5;3m[InstanceLoader] [39m[32mAdminsModule dependencies initialized[39m[38;5;3m +0ms[39m
[32m[Nest] 830  - [39m02/07/2026, 2:49:25 PM [32m    LOG[39m [38;5;3m[InstanceLoader] [39m[32mZonesModule dependencies initialized[39m[38;5;3m +1ms[39m
[32m[Nest] 830  - [39m02/07/2026, 2:49:25 PM [32m    LOG[39m [38;5;3m[InstanceLoader] [39m[32mServicesModule dependencies initialized[39m[38;5;3m +0ms[39m
[32m[Nest] 830  - [39m02/07/2026, 2:49:25 PM [32m    LOG[39m [38;5;3m[InstanceLoader] [39m[32mCancellationReasonsModule dependencies initialized[39m[38;5;3m +0ms[39m
[32m[Nest] 830  - [39m02/07/2026, 2:49:25 PM [32m    LOG[39m [38;5;3m[InstanceLoader] [39m[32mAuthModule dependencies initialized[39m[38;5;3m +0ms[39m
[32m[Nest] 830  - [39m02/07/2026, 2:49:25 PM [32m    LOG[39m [38;5;3m[InstanceLoader] [39m[32mBookingsModule dependencies initialized[39m[38;5;3m +0ms[39m
[32m[Nest] 830  - [39m02/07/2026, 2:49:25 PM [32m    LOG[39m [38;5;3m[RoutesResolver] [39m[32mAppController {/api}:[39m[38;5;3m +10ms[39m
[32m[Nest] 830  - [39m02/07/2026, 2:49:25 PM [32m    LOG[39m [38;5;3m[RouterExplorer] [39m[32mMapped {/api, GET} route[39m[38;5;3m +1ms[39m
[32m[Nest] 830  - [39m02/07/2026, 2:49:25 PM [32m    LOG[39m [38;5;3m[RoutesResolver] [39m[32mZonesController {/api/zones}:[39m[38;5;3m +0ms[39m
[32m[Nest] 830  - [39m02/07/2026, 2:49:25 PM [32m    LOG[39m [38;5;3m[RouterExplorer] [39m[32mMapped {/api/zones, POST} route[39m[38;5;3m +0ms[39m
[32m[Nest] 830  - [39m02/07/2026, 2:49:25 PM [32m    LOG[39m [38;5;3m[RouterExplorer] [39m[32mMapped {/api/zones, GET} route[39m[38;5;3m +0ms[39m
[32m[Nest] 830  - [39m02/07/2026, 2:49:25 PM [32m    LOG[39m [38;5;3m[RouterExplorer] [39m[32mMapped {/api/zones/:id, GET} route[39m[38;5;3m +1ms[39m
[32m[Nest] 830  - [39m02/07/2026, 2:49:25 PM [32m    LOG[39m [38;5;3m[RouterExplorer] [39m[32mMapped {/api/zones/:id, PATCH} route[39m[38;5;3m +0ms[39m
[32m[Nest] 830  - [39m02/07/2026, 2:49:25 PM [32m    LOG[39m [38;5;3m[RouterExplorer] [39m[32mMapped {/api/zones/:id, DELETE} route[39m[38;5;3m +0ms[39m
[32m[Nest] 830  - [39m02/07/2026, 2:49:25 PM [32m    LOG[39m [38;5;3m[RoutesResolver] [39m[32mServicesController {/api/services}:[39m[38;5;3m +0ms[39m
[32m[Nest] 830  - [39m02/07/2026, 2:49:25 PM [32m    LOG[39m [38;5;3m[RouterExplorer] [39m[32mMapped {/api/services, POST} route[39m[38;5;3m +0ms[39m
[32m[Nest] 830  - [39m02/07/2026, 2:49:25 PM [32m    LOG[39m [38;5;3m[RouterExplorer] [39m[32mMapped {/api/services, GET} route[39m[38;5;3m +0ms[39m
[32m[Nest] 830  - [39m02/07/2026, 2:49:25 PM [32m    LOG[39m [38;5;3m[RouterExplorer] [39m[32mMapped {/api/services/:id, GET} route[39m[38;5;3m +0ms[39m
[32m[Nest] 830  - [39m02/07/2026, 2:49:25 PM [32m    LOG[39m [38;5;3m[RouterExplorer] [39m[32mMapped {/api/services/:id, PATCH} route[39m[38;5;3m +0ms[39m
[32m[Nest] 830  - [39m02/07/2026, 2:49:25 PM [32m    LOG[39m [38;5;3m[RouterExplorer] [39m[32mMapped {/api/services/:id, DELETE} route[39m[38;5;3m +0ms[39m
[32m[Nest] 830  - [39m02/07/2026, 2:49:25 PM [32m    LOG[39m [38;5;3m[RoutesResolver] [39m[32mBookingsController {/api/bookings}:[39m[38;5;3m +0ms[39m
[32m[Nest] 830  - [39m02/07/2026, 2:49:25 PM [32m    LOG[39m [38;5;3m[RouterExplorer] [39m[32mMapped {/api/bookings, POST} route[39m[38;5;3m +1ms[39m
[32m[Nest] 830  - [39m02/07/2026, 2:49:25 PM [32m    LOG[39m [38;5;3m[RouterExplorer] [39m[32mMapped {/api/bookings, GET} route[39m[38;5;3m +0ms[39m
[32m[Nest] 830  - [39m02/07/2026, 2:49:25 PM [32m    LOG[39m [38;5;3m[RouterExplorer] [39m[32mMapped {/api/bookings/:id, GET} route[39m[38;5;3m +0ms[39m
[32m[Nest] 830  - [39m02/07/2026, 2:49:25 PM [32m    LOG[39m [38;5;3m[RouterExplorer] [39m[32mMapped {/api/bookings/:id, PATCH} route[39m[38;5;3m +0ms[39m
[32m[Nest] 830  - [39m02/07/2026, 2:49:25 PM [32m    LOG[39m [38;5;3m[RouterExplorer] [39m[32mMapped {/api/bookings/:id, DELETE} route[39m[38;5;3m +0ms[39m
[32m[Nest] 830  - [39m02/07/2026, 2:49:25 PM [32m    LOG[39m [38;5;3m[RouterExplorer] [39m[32mMapped {/api/bookings/:id/cancel, PATCH} route[39m[38;5;3m +0ms[39m
[32m[Nest] 830  - [39m02/07/2026, 2:49:25 PM [32m    LOG[39m [38;5;3m[RoutesResolver] [39m[32mCancellationReasonsController {/api/cancellation-reasons}:[39m[38;5;3m +0ms[39m
[32m[Nest] 830  - [39m02/07/2026, 2:49:25 PM [32m    LOG[39m [38;5;3m[RouterExplorer] [39m[32mMapped {/api/cancellation-reasons, POST} route[39m[38;5;3m +0ms[39m
[32m[Nest] 830  - [39m02/07/2026, 2:49:25 PM [32m    LOG[39m [38;5;3m[RouterExplorer] [39m[32mMapped {/api/cancellation-reasons, GET} route[39m[38;5;3m +0ms[39m
[32m[Nest] 830  - [39m02/07/2026, 2:49:25 PM [32m    LOG[39m [38;5;3m[RouterExplorer] [39m[32mMapped {/api/cancellation-reasons/:id, GET} route[39m[38;5;3m +0ms[39m
[32m[Nest] 830  - [39m02/07/2026, 2:49:25 PM [32m    LOG[39m [38;5;3m[RouterExplorer] [39m[32mMapped {/api/cancellation-reasons/:id, PATCH} route[39m[38;5;3m +0ms[39m
[32m[Nest] 830  - [39m02/07/2026, 2:49:25 PM [32m    LOG[39m [38;5;3m[RouterExplorer] [39m[32mMapped {/api/cancellation-reasons/:id, DELETE} route[39m[38;5;3m +0ms[39m
[32m[Nest] 830  - [39m02/07/2026, 2:49:25 PM [32m    LOG[39m [38;5;3m[RoutesResolver] [39m[32mAuthController {/api/auth}:[39m[38;5;3m +0ms[39m
[32m[Nest] 830  - [39m02/07/2026, 2:49:25 PM [32m    LOG[39m [38;5;3m[RouterExplorer] [39m[32mMapped {/api/auth/admin/login, POST} route[39m[38;5;3m +0ms[39m
[32m[Nest] 830  - [39m02/07/2026, 2:49:25 PM [32m    LOG[39m [38;5;3m[NestApplication] [39m[32mNest application successfully started[39m[38;5;3m +1ms[39m
